running CONFIG_SHELL=/bin/bash /bin/bash ./configure   --no-create --no-recursion
checking build system type... i686-pc-linux-gnu
checking host system type... i686-pc-linux-gnu
checking target system type... i686-pc-linux-gnu
checking type of operating system we're going to host on... Linux
checking type of operating system we're going to target... Linux
checking target architecture... x86
checking for gcc... gcc
checking for C compiler default output file name... a.out
checking whether the C compiler works... yes
checking whether we are cross compiling... no
checking for suffix of executables... 
checking for suffix of object files... o
checking whether we are using the GNU C compiler... yes
checking whether gcc accepts -g... yes
checking for gcc option to accept ISO C89... none needed
checking how to run the C preprocessor... gcc -E
checking for grep that handles long lines and -e... /bin/grep
checking for egrep... /bin/grep -E
checking for ANSI C header files... yes
checking for sys/types.h... yes
checking for sys/stat.h... yes
checking for stdlib.h... yes
checking for string.h... yes
checking for memory.h... yes
checking for strings.h... yes
checking for inttypes.h... yes
checking for stdint.h... yes
checking for unistd.h... yes
checking whether byte ordering is bigendian... no
checking clang compiler... none
checking optimization flags... -O3
checking how to run the C preprocessor... gcc -E
checking whether we are using the GNU C compiler... (cached) yes
checking whether gcc accepts -g... (cached) yes
checking for gcc option to accept ISO C89... (cached) none needed
checking for g++... g++
checking whether we are using the GNU C++ compiler... yes
checking whether g++ accepts -g... yes
checking for BSD-compatible nm... /usr/bin/nm -B
checking for GNU make... make
checking whether ln -s works... yes
checking for cmp... /usr/bin/cmp
checking for cp... /bin/cp
checking for date... /bin/date
checking for find... /usr/bin/find
checking for grep... (cached) /bin/grep
checking for mkdir... /bin/mkdir
checking for mv... /bin/mv
checking for ranlib... ranlib
checking for ar... ar
checking for rm... /bin/rm
checking for sed... /bin/sed
checking for tar... /bin/tar
checking for pwd... /bin/pwd
checking for Graphviz... echo Graphviz
checking for dot... /usr/bin/dot
checking for fdp... /usr/bin/fdp
checking for neato... /usr/bin/neato
checking for twopi... /usr/bin/twopi
checking for circo... /usr/bin/circo
checking for gv... /usr/bin/gv
checking for dotty... /usr/bin/dotty
checking for xdot.py... echo xdot.py
checking for perl... /usr/bin/perl
checking for Perl 5.006 or newer... yes
checking for a BSD-compatible install... /usr/bin/install -c
checking for bzip2... /bin/bzip2
checking for cat... /bin/cat
checking for doxygen... /usr/bin/doxygen
checking for groff... /usr/bin/groff
checking for gzip... /bin/gzip
checking for pod2html... /usr/bin/pod2html
checking for pod2man... /usr/bin/pod2man
checking for pdfroff... /usr/bin/pdfroff
checking for runtest... no
checking for the tclsh program in tclinclude directory... none
checking for tclsh8.4... /usr/bin/tclsh8.4
checking for zip... /usr/bin/zip
checking for ocamlc... /usr/bin/ocamlc
checking for ocamlopt... /usr/bin/ocamlopt
checking for ocamldep... /usr/bin/ocamldep
checking for ocamldoc... /usr/bin/ocamldoc
checking for gas... no
checking for as... /usr/bin/as
checking for linker version... 2.20.1
checking for compiler -Wl,-R<path> option... yes
checking for compiler -Wl,-export-dynamic option... yes
checking for compiler -Wl,--version-script option... yes
checking for an ANSI C-conforming const... yes
checking for dirent.h that defines DIR... yes
checking for library containing opendir... none required
checking dlfcn.h usability... yes
checking dlfcn.h presence... yes
checking for dlfcn.h... yes
checking dynamic linker characteristics... GNU/Linux ld.so
checking which extension is used for loadable modules... .so
checking which variable specifies run-time library path... LD_LIBRARY_PATH
checking for the default library search path... /lib /usr/lib /usr/lib/nvidia-current /usr/lib/atlas /lib/i486-linux-gnu /usr/lib/i486-linux-gnu /usr/lib/alsa-lib /usr/local/lib 
checking for objdir... .libs
checking command to parse /usr/bin/nm -B output from  object... ok
checking whether libtool supports -dlopen/-dlpreopen... yes
checking for shl_load... no
checking for shl_load in -ldld... no
checking for dlopen in -ldl... yes
checking for dlerror... yes
checking for _ prefix in compiled symbols... no
checking whether deplibs are loaded by dlopen... yes
checking argz.h usability... yes
checking argz.h presence... yes
checking for argz.h... yes
checking for error_t... yes
checking for argz_append... yes
checking for argz_create_sep... yes
checking for argz_insert... yes
checking for argz_next... yes
checking for argz_stringify... yes
checking assert.h usability... yes
checking assert.h presence... yes
checking for assert.h... yes
checking ctype.h usability... yes
checking ctype.h presence... yes
checking for ctype.h... yes
checking errno.h usability... yes
checking errno.h presence... yes
checking for errno.h... yes
checking malloc.h usability... yes
checking malloc.h presence... yes
checking for malloc.h... yes
checking for memory.h... (cached) yes
checking for stdlib.h... (cached) yes
checking stdio.h usability... yes
checking stdio.h presence... yes
checking for stdio.h... yes
checking for unistd.h... (cached) yes
checking dl.h usability... no
checking dl.h presence... no
checking for dl.h... no
checking sys/dl.h usability... no
checking sys/dl.h presence... no
checking for sys/dl.h... no
checking dld.h usability... no
checking dld.h presence... no
checking for dld.h... no
checking mach-o/dyld.h usability... no
checking mach-o/dyld.h presence... no
checking for mach-o/dyld.h... no
checking for string.h... (cached) yes
checking for strchr... yes
checking for strrchr... yes
checking for memcpy... yes
checking for memmove... yes
checking for strcmp... yes
checking for closedir... yes
checking for opendir... yes
checking for readdir... yes
checking for llvm-gcc... /usr/bin/llvm-gcc
checking for llvm-g++... /usr/bin/llvm-g++
checking LLVM capable compiler... llvm-gcc
checking tool compatibility... ok
checking optional compiler flags... -Wno-variadic-macros -Wno-missing-field-initializers
checking for sin in -lm... yes
checking for library containing dlopen... -ldl
checking for library containing mallinfo... none required
checking for pthread_mutex_init in -lpthread... yes
checking for library containing pthread_mutex_lock... none required
checking for library containing pthread_rwlock_init... none required
checking for library containing pthread_getspecific... none required
checking for dirent.h that defines DIR... (cached) yes
checking for library containing opendir... (cached) none required
checking for MAP_ANONYMOUS vs. MAP_ANON... yes
checking whether stat file-mode macros are broken... no
checking for ANSI C header files... (cached) yes
checking for sys/wait.h that is POSIX.1 compatible... yes
checking whether time.h and sys/time.h may both be included... yes
checking for dlfcn.h... (cached) yes
checking execinfo.h usability... yes
checking execinfo.h presence... yes
checking for execinfo.h... yes
checking fcntl.h usability... yes
checking fcntl.h presence... yes
checking for fcntl.h... yes
checking for inttypes.h... (cached) yes
checking limits.h usability... yes
checking limits.h presence... yes
checking for limits.h... yes
checking link.h usability... yes
checking link.h presence... yes
checking for link.h... yes
checking for malloc.h... (cached) yes
checking setjmp.h usability... yes
checking setjmp.h presence... yes
checking for setjmp.h... yes
checking signal.h usability... yes
checking signal.h presence... yes
checking for signal.h... yes
checking for stdint.h... (cached) yes
checking termios.h usability... yes
checking termios.h presence... yes
checking for termios.h... yes
checking for unistd.h... (cached) yes
checking utime.h usability... yes
checking utime.h presence... yes
checking for utime.h... yes
checking windows.h usability... no
checking windows.h presence... no
checking for windows.h... no
checking sys/mman.h usability... yes
checking sys/mman.h presence... yes
checking for sys/mman.h... yes
checking sys/param.h usability... yes
checking sys/param.h presence... yes
checking for sys/param.h... yes
checking sys/resource.h usability... yes
checking sys/resource.h presence... yes
checking for sys/resource.h... yes
checking sys/time.h usability... yes
checking sys/time.h presence... yes
checking for sys/time.h... yes
checking sys/uio.h usability... yes
checking sys/uio.h presence... yes
checking for sys/uio.h... yes
checking for sys/types.h... (cached) yes
checking sys/ioctl.h usability... yes
checking sys/ioctl.h presence... yes
checking for sys/ioctl.h... yes
checking malloc/malloc.h usability... no
checking malloc/malloc.h presence... no
checking for malloc/malloc.h... no
checking mach/mach.h usability... no
checking mach/mach.h presence... no
checking for mach/mach.h... no
checking valgrind/valgrind.h usability... no
checking valgrind/valgrind.h presence... no
checking for valgrind/valgrind.h... no
checking fenv.h usability... yes
checking fenv.h presence... yes
checking for fenv.h... yes
checking pthread.h usability... yes
checking pthread.h presence... yes
checking for pthread.h... yes
checking CrashReporterClient.h usability... no
checking CrashReporterClient.h presence... no
checking for CrashReporterClient.h... no
checking __crashreporter_info__... no
checking for HUGE_VAL sanity... 